    2024/02/15 14:23:07 [notice] 1#1: using the "epoll" event method
2024/02/15 14:23:07 [notice] 1#1: nginx/1.25.2
2024/02/15 14:23:07 [notice] 1#1: built by gcc 12.2.0 (Debian 12.2.0-14) 
2024/02/15 14:23:07 [notice] 1#1: OS: Linux 5.10.102.1-microsoft-standard-WSL2
2024/02/15 14:23:07 [notice] 1#1: getrlimit(RLIMIT_NOFILE): 1048576:1048576
2024/02/15 14:23:07 [notice] 1#1: start worker processes
2024/02/15 14:23:07 [notice] 1#1: start worker process 20
2024/02/15 14:23:07 [notice] 1#1: start worker process 21
2024/02/15 14:23:07 [notice] 1#1: start worker process 22
2024/02/15 14:23:07 [notice] 1#1: start worker process 23
2024/02/15 14:23:07 [notice] 1#1: start worker process 24
2024/02/15 14:23:07 [notice] 1#1: start worker process 25
2024/02/15 14:23:07 [notice] 1#1: start worker process 26
2024/02/15 14:23:07 [notice] 1#1: start worker process 27
2024/02/15 14:23:07 [notice] 1#1: start worker process 28
2024/02/15 14:23:07 [notice] 1#1: start worker process 29
2024/02/15 14:23:07 [notice] 1#1: start worker process 30
2024/02/15 14:23:07 [notice] 1#1: start worker process 31
2024/02/15 14:45:20 [notice] 1#1: using the "epoll" event method
2024/02/15 14:45:20 [notice] 1#1: nginx/1.25.2
2024/02/15 14:45:20 [notice] 1#1: built by gcc 12.2.0 (Debian 12.2.0-14) 
2024/02/15 14:45:20 [notice] 1#1: OS: Linux 5.10.102.1-microsoft-standard-WSL2
2024/02/15 14:45:20 [notice] 1#1: getrlimit(RLIMIT_NOFILE): 1048576:1048576
2024/02/15 14:45:20 [notice] 1#1: start worker processes
2024/02/15 14:45:20 [notice] 1#1: start worker process 20
2024/02/15 14:45:20 [notice] 1#1: start worker process 21
2024/02/15 14:45:20 [notice] 1#1: start worker process 22
2024/02/15 14:45:20 [notice] 1#1: start worker process 23
2024/02/15 14:45:20 [notice] 1#1: start worker process 24
2024/02/15 14:45:20 [notice] 1#1: start worker process 25
2024/02/15 14:45:20 [notice] 1#1: start worker process 26
2024/02/15 14:45:20 [notice] 1#1: start worker process 27
2024/02/15 14:45:20 [notice] 1#1: start worker process 28
2024/02/15 14:45:20 [notice] 1#1: start worker process 29
2024/02/15 14:45:20 [notice] 1#1: start worker process 30
2024/02/15 14:45:20 [notice] 1#1: start worker process 31
2024/02/15 14:49:44 [notice] 1#1: using the "epoll" event method
2024/02/15 14:49:44 [notice] 1#1: nginx/1.25.2
2024/02/15 14:49:44 [notice] 1#1: built by gcc 12.2.0 (Debian 12.2.0-14) 
2024/02/15 14:49:44 [notice] 1#1: OS: Linux 5.10.102.1-microsoft-standard-WSL2
2024/02/15 14:49:44 [notice] 1#1: getrlimit(RLIMIT_NOFILE): 1048576:1048576
2024/02/15 14:49:44 [notice] 1#1: start worker processes
2024/02/15 14:49:44 [notice] 1#1: start worker process 20
2024/02/15 14:49:44 [notice] 1#1: start worker process 21
2024/02/15 14:49:44 [notice] 1#1: start worker process 22
2024/02/15 14:49:44 [notice] 1#1: start worker process 23
2024/02/15 14:49:44 [notice] 1#1: start worker process 24
2024/02/15 14:49:44 [notice] 1#1: start worker process 25
2024/02/15 14:49:44 [notice] 1#1: start worker process 26
2024/02/15 14:49:44 [notice] 1#1: start worker process 27
2024/02/15 14:49:44 [notice] 1#1: start worker process 28
2024/02/15 14:49:44 [notice] 1#1: start worker process 29
2024/02/15 14:49:44 [notice] 1#1: start worker process 30
2024/02/15 14:49:44 [notice] 1#1: start worker process 31
2024/02/15 15:21:28 [notice] 1#1: using the "epoll" event method
2024/02/15 15:21:28 [notice] 1#1: nginx/1.25.2
2024/02/15 15:21:28 [notice] 1#1: built by gcc 12.2.0 (Debian 12.2.0-14) 
2024/02/15 15:21:28 [notice] 1#1: OS: Linux 5.10.102.1-microsoft-standard-WSL2
2024/02/15 15:21:28 [notice] 1#1: getrlimit(RLIMIT_NOFILE): 1048576:1048576
2024/02/15 15:21:28 [notice] 1#1: start worker processes
2024/02/15 15:21:28 [notice] 1#1: start worker process 28
2024/02/15 15:21:28 [notice] 1#1: start worker process 29
2024/02/15 15:21:28 [notice] 1#1: start worker process 30
2024/02/15 15:21:28 [notice] 1#1: start worker process 31
2024/02/15 15:21:28 [notice] 1#1: start worker process 32
2024/02/15 15:21:28 [notice] 1#1: start worker process 33
2024/02/15 15:21:28 [notice] 1#1: start worker process 34
2024/02/15 15:21:28 [notice] 1#1: start worker process 35
2024/02/15 15:21:28 [notice] 1#1: start worker process 36
2024/02/15 15:21:28 [notice] 1#1: start worker process 37
2024/02/15 15:21:28 [notice] 1#1: start worker process 38
2024/02/15 15:21:28 [notice] 1#1: start worker process 39
2024/02/15 15:35:43 [notice] 1#1: signal 3 (SIGQUIT) received, shutting down
2024/02/15 15:35:43 [notice] 28#28: gracefully shutting down
2024/02/15 15:35:43 [notice] 29#29: gracefully shutting down
2024/02/15 15:35:43 [notice] 30#30: gracefully shutting down
2024/02/15 15:35:43 [notice] 33#33: gracefully shutting down
2024/02/15 15:35:43 [notice] 31#31: gracefully shutting down
2024/02/15 15:35:43 [notice] 34#34: gracefully shutting down
2024/02/15 15:35:43 [notice] 32#32: gracefully shutting down
2024/02/15 15:35:43 [notice] 35#35: gracefully shutting down
2024/02/15 15:35:43 [notice] 36#36: gracefully shutting down
2024/02/15 15:35:43 [notice] 37#37: gracefully shutting down
2024/02/15 15:35:43 [notice] 39#39: gracefully shutting down
2024/02/15 15:35:43 [notice] 39#39: exiting
2024/02/15 15:35:43 [notice] 38#38: gracefully shutting down
2024/02/15 15:35:43 [notice] 28#28: exiting
2024/02/15 15:35:43 [notice] 29#29: exiting
2024/02/15 15:35:43 [notice] 30#30: exiting
2024/02/15 15:35:43 [notice] 33#33: exiting
2024/02/15 15:35:43 [notice] 31#31: exiting
2024/02/15 15:35:43 [notice] 34#34: exiting
2024/02/15 15:35:43 [notice] 32#32: exiting
2024/02/15 15:35:43 [notice] 35#35: exiting
2024/02/15 15:35:43 [notice] 36#36: exiting
2024/02/15 15:35:43 [notice] 37#37: exiting
2024/02/15 15:35:43 [notice] 39#39: exit
2024/02/15 15:35:43 [notice] 38#38: exiting
2024/02/15 15:35:43 [notice] 28#28: exit
2024/02/15 15:35:43 [notice] 29#29: exit
2024/02/15 15:35:43 [notice] 30#30: exit
2024/02/15 15:35:43 [notice] 33#33: exit
2024/02/15 15:35:43 [notice] 31#31: exit
2024/02/15 15:35:43 [notice] 34#34: exit
2024/02/15 15:35:43 [notice] 32#32: exit
2024/02/15 15:35:43 [notice] 35#35: exit
2024/02/15 15:35:43 [notice] 36#36: exit
2024/02/15 15:35:43 [notice] 37#37: exit
2024/02/15 15:35:43 [notice] 38#38: exit
2024/02/15 15:35:44 [notice] 1#1: signal 17 (SIGCHLD) received from 37
2024/02/15 15:35:44 [notice] 1#1: worker process 37 exited with code 0
2024/02/15 15:35:44 [notice] 1#1: signal 29 (SIGIO) received
2024/02/15 15:35:44 [notice] 1#1: signal 17 (SIGCHLD) received from 36
2024/02/15 15:35:44 [notice] 1#1: worker process 30 exited with code 0
2024/02/15 15:35:44 [notice] 1#1: worker process 36 exited with code 0
2024/02/15 15:35:44 [notice] 1#1: signal 29 (SIGIO) received
2024/02/15 15:35:44 [notice] 1#1: signal 17 (SIGCHLD) received from 30
2024/02/15 15:35:44 [notice] 1#1: signal 17 (SIGCHLD) received from 28
2024/02/15 15:35:44 [notice] 1#1: worker process 28 exited with code 0
2024/02/15 15:35:44 [notice] 1#1: worker process 32 exited with code 0
2024/02/15 15:35:44 [notice] 1#1: signal 29 (SIGIO) received
2024/02/15 15:35:44 [notice] 1#1: signal 17 (SIGCHLD) received from 34
2024/02/15 15:35:44 [notice] 1#1: worker process 34 exited with code 0
2024/02/15 15:35:44 [notice] 1#1: worker process 38 exited with code 0
2024/02/15 15:35:44 [notice] 1#1: signal 29 (SIGIO) received
2024/02/15 15:35:44 [notice] 1#1: signal 17 (SIGCHLD) received from 39
2024/02/15 15:35:44 [notice] 1#1: worker process 35 exited with code 0
2024/02/15 15:35:44 [notice] 1#1: worker process 39 exited with code 0
2024/02/15 15:35:44 [notice] 1#1: signal 29 (SIGIO) received
2024/02/15 15:35:44 [notice] 1#1: signal 17 (SIGCHLD) received from 35
2024/02/15 15:35:44 [notice] 1#1: signal 17 (SIGCHLD) received from 33
2024/02/15 15:35:44 [notice] 1#1: worker process 33 exited with code 0
2024/02/15 15:35:44 [notice] 1#1: signal 29 (SIGIO) received
2024/02/15 15:35:44 [notice] 1#1: signal 17 (SIGCHLD) received from 29
2024/02/15 15:35:44 [notice] 1#1: worker process 29 exited with code 0
2024/02/15 15:35:44 [notice] 1#1: signal 29 (SIGIO) received
2024/02/15 15:35:44 [notice] 1#1: signal 17 (SIGCHLD) received from 31
2024/02/15 15:35:44 [notice] 1#1: worker process 31 exited with code 0
2024/02/15 15:35:44 [notice] 1#1: exit
2024/02/15 15:36:15 [notice] 1#1: using the "epoll" event method
2024/02/15 15:36:15 [notice] 1#1: nginx/1.25.2
2024/02/15 15:36:15 [notice] 1#1: built by gcc 12.2.0 (Debian 12.2.0-14) 
2024/02/15 15:36:15 [notice] 1#1: OS: Linux 5.10.102.1-microsoft-standard-WSL2
2024/02/15 15:36:15 [notice] 1#1: getrlimit(RLIMIT_NOFILE): 1048576:1048576
2024/02/15 15:36:15 [notice] 1#1: start worker processes
2024/02/15 15:36:15 [notice] 1#1: start worker process 28
2024/02/15 15:36:15 [notice] 1#1: start worker process 29
2024/02/15 15:36:15 [notice] 1#1: start worker process 30
2024/02/15 15:36:15 [notice] 1#1: start worker process 31
2024/02/15 15:36:15 [notice] 1#1: start worker process 32
2024/02/15 15:36:15 [notice] 1#1: start worker process 33
2024/02/15 15:36:15 [notice] 1#1: start worker process 34
2024/02/15 15:36:15 [notice] 1#1: start worker process 35
2024/02/15 15:36:15 [notice] 1#1: start worker process 36
2024/02/15 15:36:15 [notice] 1#1: start worker process 37
2024/02/15 15:36:15 [notice] 1#1: start worker process 38
2024/02/15 15:36:15 [notice] 1#1: start worker process 39
2024/02/15 15:38:57 [notice] 1#1: signal 3 (SIGQUIT) received, shutting down
2024/02/15 15:38:57 [notice] 29#29: gracefully shutting down
2024/02/15 15:38:57 [notice] 28#28: gracefully shutting down
2024/02/15 15:38:57 [notice] 30#30: gracefully shutting down
2024/02/15 15:38:57 [notice] 33#33: gracefully shutting down
2024/02/15 15:38:57 [notice] 31#31: gracefully shutting down
2024/02/15 15:38:57 [notice] 32#32: gracefully shutting down
2024/02/15 15:38:57 [notice] 32#32: exiting
2024/02/15 15:38:57 [notice] 34#34: gracefully shutting down
2024/02/15 15:38:57 [notice] 35#35: gracefully shutting down
2024/02/15 15:38:57 [notice] 37#37: gracefully shutting down
2024/02/15 15:38:57 [notice] 36#36: gracefully shutting down
2024/02/15 15:38:57 [notice] 38#38: gracefully shutting down
2024/02/15 15:38:57 [notice] 39#39: gracefully shutting down
2024/02/15 15:38:57 [notice] 29#29: exiting
2024/02/15 15:38:57 [notice] 28#28: exiting
2024/02/15 15:38:57 [notice] 30#30: exiting
2024/02/15 15:38:57 [notice] 28#28: exit
2024/02/15 15:38:57 [notice] 33#33: exiting
2024/02/15 15:38:57 [notice] 31#31: exiting
2024/02/15 15:38:57 [notice] 32#32: exit
2024/02/15 15:38:57 [notice] 34#34: exiting
2024/02/15 15:38:57 [notice] 35#35: exiting
2024/02/15 15:38:57 [notice] 37#37: exiting
2024/02/15 15:38:57 [notice] 36#36: exiting
2024/02/15 15:38:57 [notice] 38#38: exiting
2024/02/15 15:38:57 [notice] 39#39: exiting
2024/02/15 15:38:57 [notice] 30#30: exit
2024/02/15 15:38:57 [notice] 29#29: exit
2024/02/15 15:38:57 [notice] 33#33: exit
2024/02/15 15:38:57 [notice] 31#31: exit
2024/02/15 15:38:57 [notice] 34#34: exit
2024/02/15 15:38:57 [notice] 35#35: exit
2024/02/15 15:38:57 [notice] 37#37: exit
2024/02/15 15:38:57 [notice] 36#36: exit
2024/02/15 15:38:57 [notice] 38#38: exit
2024/02/15 15:38:57 [notice] 39#39: exit
2024/02/15 15:38:58 [notice] 1#1: signal 17 (SIGCHLD) received from 29
2024/02/15 15:38:58 [notice] 1#1: worker process 29 exited with code 0
2024/02/15 15:38:58 [notice] 1#1: signal 29 (SIGIO) received
2024/02/15 15:38:58 [notice] 1#1: signal 17 (SIGCHLD) received from 37
2024/02/15 15:38:58 [notice] 1#1: worker process 28 exited with code 0
2024/02/15 15:38:58 [notice] 1#1: worker process 33 exited with code 0
2024/02/15 15:38:58 [notice] 1#1: worker process 37 exited with code 0
2024/02/15 15:38:58 [notice] 1#1: signal 29 (SIGIO) received
2024/02/15 15:38:58 [notice] 1#1: signal 17 (SIGCHLD) received from 36
2024/02/15 15:38:58 [notice] 1#1: worker process 32 exited with code 0
2024/02/15 15:38:58 [notice] 1#1: worker process 36 exited with code 0
2024/02/15 15:38:58 [notice] 1#1: signal 29 (SIGIO) received
2024/02/15 15:38:58 [notice] 1#1: signal 17 (SIGCHLD) received from 30
2024/02/15 15:38:58 [notice] 1#1: worker process 30 exited with code 0
2024/02/15 15:38:58 [notice] 1#1: signal 29 (SIGIO) received
2024/02/15 15:38:58 [notice] 1#1: signal 17 (SIGCHLD) received from 34
2024/02/15 15:38:58 [notice] 1#1: worker process 34 exited with code 0
2024/02/15 15:38:58 [notice] 1#1: signal 29 (SIGIO) received
2024/02/15 15:38:58 [notice] 1#1: signal 17 (SIGCHLD) received from 38
2024/02/15 15:38:58 [notice] 1#1: worker process 31 exited with code 0
2024/02/15 15:38:58 [notice] 1#1: worker process 38 exited with code 0
2024/02/15 15:38:58 [notice] 1#1: signal 29 (SIGIO) received
2024/02/15 15:38:58 [notice] 1#1: signal 17 (SIGCHLD) received from 39
2024/02/15 15:38:58 [notice] 1#1: worker process 39 exited with code 0
2024/02/15 15:38:58 [notice] 1#1: signal 29 (SIGIO) received
2024/02/15 15:38:58 [notice] 1#1: signal 17 (SIGCHLD) received from 35
2024/02/15 15:38:58 [notice] 1#1: worker process 35 exited with code 0
2024/02/15 15:38:58 [notice] 1#1: exit
2024/02/15 15:43:20 [notice] 1#1: using the "epoll" event method
2024/02/15 15:43:20 [notice] 1#1: nginx/1.25.2
2024/02/15 15:43:20 [notice] 1#1: built by gcc 12.2.0 (Debian 12.2.0-14) 
2024/02/15 15:43:20 [notice] 1#1: OS: Linux 5.10.102.1-microsoft-standard-WSL2
2024/02/15 15:43:20 [notice] 1#1: getrlimit(RLIMIT_NOFILE): 1048576:1048576
2024/02/15 15:43:20 [notice] 1#1: start worker processes
2024/02/15 15:43:20 [notice] 1#1: start worker process 28
2024/02/15 15:43:20 [notice] 1#1: start worker process 29
2024/02/15 15:43:20 [notice] 1#1: start worker process 30
2024/02/15 15:43:20 [notice] 1#1: start worker process 31
2024/02/15 15:43:20 [notice] 1#1: start worker process 32
2024/02/15 15:43:20 [notice] 1#1: start worker process 33
2024/02/15 15:43:20 [notice] 1#1: start worker process 34
2024/02/15 15:43:20 [notice] 1#1: start worker process 35
2024/02/15 15:43:20 [notice] 1#1: start worker process 36
2024/02/15 15:43:20 [notice] 1#1: start worker process 37
2024/02/15 15:43:20 [notice] 1#1: start worker process 38
2024/02/15 15:43:20 [notice] 1#1: start worker process 39
2024/02/16 05:41:12 [notice] 1#1: using the "epoll" event method
2024/02/16 05:41:12 [notice] 1#1: nginx/1.25.2
2024/02/16 05:41:12 [notice] 1#1: built by gcc 12.2.0 (Debian 12.2.0-14) 
2024/02/16 05:41:12 [notice] 1#1: OS: Linux 5.10.102.1-microsoft-standard-WSL2
2024/02/16 05:41:12 [notice] 1#1: getrlimit(RLIMIT_NOFILE): 1048576:1048576
2024/02/16 05:41:12 [notice] 1#1: start worker processes
2024/02/16 05:41:12 [notice] 1#1: start worker process 28
2024/02/16 05:41:12 [notice] 1#1: start worker process 29
2024/02/16 05:41:12 [notice] 1#1: start worker process 30
2024/02/16 05:41:12 [notice] 1#1: start worker process 31
2024/02/16 05:41:12 [notice] 1#1: start worker process 32
2024/02/16 05:41:12 [notice] 1#1: start worker process 33
2024/02/16 05:41:12 [notice] 1#1: start worker process 34
2024/02/16 05:41:12 [notice] 1#1: start worker process 35
2024/02/16 05:41:12 [notice] 1#1: start worker process 36
2024/02/16 05:41:12 [notice] 1#1: start worker process 37
2024/02/16 05:41:12 [notice] 1#1: start worker process 38
2024/02/16 05:41:12 [notice] 1#1: start worker process 39
2024/02/16 05:59:01 [notice] 1#1: signal 3 (SIGQUIT) received, shutting down
2024/02/16 05:59:01 [notice] 28#28: gracefully shutting down
2024/02/16 05:59:01 [notice] 30#30: gracefully shutting down
2024/02/16 05:59:01 [notice] 29#29: gracefully shutting down
2024/02/16 05:59:01 [notice] 31#31: gracefully shutting down
2024/02/16 05:59:01 [notice] 32#32: gracefully shutting down
2024/02/16 05:59:01 [notice] 32#32: exiting
2024/02/16 05:59:01 [notice] 33#33: gracefully shutting down
2024/02/16 05:59:01 [notice] 34#34: gracefully shutting down
2024/02/16 05:59:01 [notice] 35#35: gracefully shutting down
2024/02/16 05:59:01 [notice] 36#36: gracefully shutting down
2024/02/16 05:59:01 [notice] 37#37: gracefully shutting down
2024/02/16 05:59:01 [notice] 38#38: gracefully shutting down
2024/02/16 05:59:01 [notice] 39#39: gracefully shutting down
2024/02/16 05:59:01 [notice] 28#28: exiting
2024/02/16 05:59:01 [notice] 30#30: exiting
2024/02/16 05:59:01 [notice] 29#29: exiting
2024/02/16 05:59:01 [notice] 31#31: exiting
2024/02/16 05:59:01 [notice] 32#32: exit
2024/02/16 05:59:01 [notice] 33#33: exiting
2024/02/16 05:59:01 [notice] 34#34: exiting
2024/02/16 05:59:01 [notice] 35#35: exiting
2024/02/16 05:59:01 [notice] 36#36: exiting
2024/02/16 05:59:01 [notice] 37#37: exiting
2024/02/16 05:59:01 [notice] 38#38: exiting
2024/02/16 05:59:01 [notice] 39#39: exiting
2024/02/16 05:59:01 [notice] 28#28: exit
2024/02/16 05:59:01 [notice] 30#30: exit
2024/02/16 05:59:01 [notice] 29#29: exit
2024/02/16 05:59:01 [notice] 31#31: exit
2024/02/16 05:59:01 [notice] 33#33: exit
2024/02/16 05:59:01 [notice] 34#34: exit
2024/02/16 05:59:01 [notice] 35#35: exit
2024/02/16 05:59:01 [notice] 36#36: exit
2024/02/16 05:59:01 [notice] 37#37: exit
2024/02/16 05:59:01 [notice] 38#38: exit
2024/02/16 05:59:01 [notice] 39#39: exit
2024/02/16 05:59:01 [notice] 1#1: signal 17 (SIGCHLD) received from 36
2024/02/16 05:59:01 [notice] 1#1: worker process 36 exited with code 0
2024/02/16 05:59:01 [notice] 1#1: signal 29 (SIGIO) received
2024/02/16 05:59:01 [notice] 1#1: signal 17 (SIGCHLD) received from 39
2024/02/16 05:59:01 [notice] 1#1: worker process 29 exited with code 0
2024/02/16 05:59:01 [notice] 1#1: worker process 33 exited with code 0
2024/02/16 05:59:01 [notice] 1#1: worker process 37 exited with code 0
2024/02/16 05:59:01 [notice] 1#1: worker process 39 exited with code 0
2024/02/16 05:59:01 [notice] 1#1: signal 29 (SIGIO) received
2024/02/16 05:59:01 [notice] 1#1: signal 17 (SIGCHLD) received from 38
2024/02/16 05:59:01 [notice] 1#1: worker process 34 exited with code 0
2024/02/16 05:59:01 [notice] 1#1: worker process 38 exited with code 0
2024/02/16 05:59:01 [notice] 1#1: signal 29 (SIGIO) received
2024/02/16 05:59:01 [notice] 1#1: signal 17 (SIGCHLD) received from 30
2024/02/16 05:59:01 [notice] 1#1: worker process 30 exited with code 0
2024/02/16 05:59:01 [notice] 1#1: signal 29 (SIGIO) received
2024/02/16 05:59:01 [notice] 1#1: signal 17 (SIGCHLD) received from 28
2024/02/16 05:59:01 [notice] 1#1: worker process 28 exited with code 0
2024/02/16 05:59:01 [notice] 1#1: worker process 31 exited with code 0
2024/02/16 05:59:01 [notice] 1#1: worker process 35 exited with code 0
2024/02/16 05:59:01 [notice] 1#1: signal 29 (SIGIO) received
2024/02/16 05:59:01 [notice] 1#1: signal 17 (SIGCHLD) received from 32
2024/02/16 05:59:01 [notice] 1#1: worker process 32 exited with code 0
2024/02/16 05:59:01 [notice] 1#1: exit
2024/02/16 07:09:38 [notice] 1#1: using the "epoll" event method
2024/02/16 07:09:38 [notice] 1#1: nginx/1.25.3
2024/02/16 07:09:38 [notice] 1#1: built by gcc 12.2.0 (Debian 12.2.0-14) 
2024/02/16 07:09:38 [notice] 1#1: OS: Linux 5.15.133.1-microsoft-standard-WSL2
2024/02/16 07:09:38 [notice] 1#1: getrlimit(RLIMIT_NOFILE): 1048576:1048576
2024/02/16 07:09:38 [notice] 1#1: start worker processes
2024/02/16 07:09:38 [notice] 1#1: start worker process 28
2024/02/16 07:09:38 [notice] 1#1: start worker process 29
2024/02/16 07:09:38 [notice] 1#1: start worker process 30
2024/02/16 07:09:38 [notice] 1#1: start worker process 31
2024/02/16 07:54:12 [notice] 1#1: using the "epoll" event method
2024/02/16 07:54:12 [notice] 1#1: nginx/1.25.3
2024/02/16 07:54:12 [notice] 1#1: built by gcc 12.2.0 (Debian 12.2.0-14) 
2024/02/16 07:54:12 [notice] 1#1: OS: Linux 5.15.133.1-microsoft-standard-WSL2
2024/02/16 07:54:12 [notice] 1#1: getrlimit(RLIMIT_NOFILE): 1048576:1048576
2024/02/16 07:54:12 [notice] 1#1: start worker processes
2024/02/16 07:54:12 [notice] 1#1: start worker process 27
2024/02/16 07:54:12 [notice] 1#1: start worker process 28
2024/02/16 07:54:12 [notice] 1#1: start worker process 29
2024/02/16 07:54:12 [notice] 1#1: start worker process 30
2024/02/16 08:00:10 [notice] 1#1: signal 3 (SIGQUIT) received, shutting down
2024/02/16 08:00:10 [notice] 27#27: gracefully shutting down
2024/02/16 08:00:10 [notice] 30#30: gracefully shutting down
2024/02/16 08:00:10 [notice] 28#28: gracefully shutting down
2024/02/16 08:00:10 [notice] 29#29: gracefully shutting down
2024/02/16 08:00:10 [notice] 27#27: exiting
2024/02/16 08:00:10 [notice] 30#30: exiting
2024/02/16 08:00:10 [notice] 28#28: exiting
2024/02/16 08:00:10 [notice] 29#29: exiting
2024/02/16 08:00:10 [notice] 27#27: exit
2024/02/16 08:00:10 [notice] 30#30: exit
2024/02/16 08:00:10 [notice] 28#28: exit
2024/02/16 08:00:10 [notice] 29#29: exit
2024/02/16 08:00:11 [notice] 1#1: signal 17 (SIGCHLD) received from 27
2024/02/16 08:00:11 [notice] 1#1: worker process 27 exited with code 0
2024/02/16 08:00:11 [notice] 1#1: worker process 29 exited with code 0
2024/02/16 08:00:11 [notice] 1#1: signal 29 (SIGIO) received
2024/02/16 08:00:11 [notice] 1#1: signal 17 (SIGCHLD) received from 28
2024/02/16 08:00:11 [notice] 1#1: worker process 28 exited with code 0
2024/02/16 08:00:11 [notice] 1#1: signal 29 (SIGIO) received
2024/02/16 08:00:11 [notice] 1#1: signal 17 (SIGCHLD) received from 30
2024/02/16 08:00:11 [notice] 1#1: worker process 30 exited with code 0
2024/02/16 08:00:11 [notice] 1#1: exit
2024/02/16 08:01:30 [notice] 1#1: using the "epoll" event method
2024/02/16 08:01:30 [notice] 1#1: nginx/1.25.3
2024/02/16 08:01:30 [notice] 1#1: built by gcc 12.2.0 (Debian 12.2.0-14) 
2024/02/16 08:01:30 [notice] 1#1: OS: Linux 5.15.133.1-microsoft-standard-WSL2
2024/02/16 08:01:30 [notice] 1#1: getrlimit(RLIMIT_NOFILE): 1048576:1048576
2024/02/16 08:01:30 [notice] 1#1: start worker processes
2024/02/16 08:01:30 [notice] 1#1: start worker process 28
2024/02/16 08:01:30 [notice] 1#1: start worker process 29
2024/02/16 08:01:30 [notice] 1#1: start worker process 30
2024/02/16 08:01:30 [notice] 1#1: start worker process 31
2024/02/16 08:03:25 [notice] 1#1: signal 3 (SIGQUIT) received, shutting down
2024/02/16 08:03:25 [notice] 31#31: gracefully shutting down
2024/02/16 08:03:25 [notice] 28#28: gracefully shutting down
2024/02/16 08:03:25 [notice] 28#28: exiting
2024/02/16 08:03:25 [notice] 29#29: gracefully shutting down
2024/02/16 08:03:25 [notice] 29#29: exiting
2024/02/16 08:03:25 [notice] 30#30: gracefully shutting down
2024/02/16 08:03:25 [notice] 31#31: exiting
2024/02/16 08:03:25 [notice] 28#28: exit
2024/02/16 08:03:25 [notice] 29#29: exit
2024/02/16 08:03:25 [notice] 30#30: exiting
2024/02/16 08:03:25 [notice] 31#31: exit
2024/02/16 08:03:25 [notice] 30#30: exit
2024/02/16 08:03:25 [notice] 1#1: signal 17 (SIGCHLD) received from 30
2024/02/16 08:03:25 [notice] 1#1: worker process 28 exited with code 0
2024/02/16 08:03:25 [notice] 1#1: worker process 30 exited with code 0
2024/02/16 08:03:25 [notice] 1#1: signal 29 (SIGIO) received
2024/02/16 08:03:25 [notice] 1#1: signal 17 (SIGCHLD) received from 29
2024/02/16 08:03:25 [notice] 1#1: worker process 29 exited with code 0
2024/02/16 08:03:25 [notice] 1#1: signal 29 (SIGIO) received
2024/02/16 08:03:25 [notice] 1#1: signal 17 (SIGCHLD) received from 31
2024/02/16 08:03:25 [notice] 1#1: worker process 31 exited with code 0
2024/02/16 08:03:25 [notice] 1#1: exit
2024/02/16 08:04:20 [notice] 1#1: using the "epoll" event method
2024/02/16 08:04:20 [notice] 1#1: nginx/1.25.3
2024/02/16 08:04:20 [notice] 1#1: built by gcc 12.2.0 (Debian 12.2.0-14) 
2024/02/16 08:04:20 [notice] 1#1: OS: Linux 5.15.133.1-microsoft-standard-WSL2
2024/02/16 08:04:20 [notice] 1#1: getrlimit(RLIMIT_NOFILE): 1048576:1048576
2024/02/16 08:04:20 [notice] 1#1: start worker processes
2024/02/16 08:04:20 [notice] 1#1: start worker process 28
2024/02/16 08:04:20 [notice] 1#1: start worker process 29
2024/02/16 08:04:20 [notice] 1#1: start worker process 30
2024/02/16 08:04:20 [notice] 1#1: start worker process 31
2024/02/16 08:21:28 [notice] 1#1: signal 3 (SIGQUIT) received, shutting down
2024/02/16 08:21:28 [notice] 29#29: gracefully shutting down
2024/02/16 08:21:28 [notice] 28#28: gracefully shutting down
2024/02/16 08:21:28 [notice] 30#30: gracefully shutting down
2024/02/16 08:21:28 [notice] 31#31: gracefully shutting down
2024/02/16 08:21:28 [notice] 28#28: exiting
2024/02/16 08:21:28 [notice] 29#29: exiting
2024/02/16 08:21:28 [notice] 30#30: exiting
2024/02/16 08:21:28 [notice] 31#31: exiting
2024/02/16 08:21:28 [notice] 30#30: exit
2024/02/16 08:21:28 [notice] 28#28: exit
2024/02/16 08:21:28 [notice] 29#29: exit
2024/02/16 08:21:28 [notice] 31#31: exit
2024/02/16 08:21:28 [notice] 1#1: signal 17 (SIGCHLD) received from 30
2024/02/16 08:21:28 [notice] 1#1: worker process 28 exited with code 0
2024/02/16 08:21:28 [notice] 1#1: worker process 30 exited with code 0
2024/02/16 08:21:28 [notice] 1#1: signal 29 (SIGIO) received
2024/02/16 08:21:28 [notice] 1#1: signal 17 (SIGCHLD) received from 28
2024/02/16 08:21:28 [notice] 1#1: signal 17 (SIGCHLD) received from 29
2024/02/16 08:21:28 [notice] 1#1: worker process 29 exited with code 0
2024/02/16 08:21:28 [notice] 1#1: signal 29 (SIGIO) received
2024/02/16 08:21:28 [notice] 1#1: signal 17 (SIGCHLD) received from 31
2024/02/16 08:21:28 [notice] 1#1: worker process 31 exited with code 0
2024/02/16 08:21:28 [notice] 1#1: exit
2024/02/16 08:21:54 [notice] 1#1: using the "epoll" event method
2024/02/16 08:21:54 [notice] 1#1: nginx/1.25.3
2024/02/16 08:21:54 [notice] 1#1: built by gcc 12.2.0 (Debian 12.2.0-14) 
2024/02/16 08:21:54 [notice] 1#1: OS: Linux 5.15.133.1-microsoft-standard-WSL2
2024/02/16 08:21:54 [notice] 1#1: getrlimit(RLIMIT_NOFILE): 1048576:1048576
2024/02/16 08:21:54 [notice] 1#1: start worker processes
2024/02/16 08:21:54 [notice] 1#1: start worker process 28
2024/02/16 08:21:54 [notice] 1#1: start worker process 29
2024/02/16 08:21:54 [notice] 1#1: start worker process 30
2024/02/16 08:21:54 [notice] 1#1: start worker process 31
2024/02/16 08:24:38 [notice] 1#1: signal 3 (SIGQUIT) received, shutting down
2024/02/16 08:24:38 [notice] 28#28: gracefully shutting down
2024/02/16 08:24:38 [notice] 28#28: exiting
2024/02/16 08:24:38 [notice] 30#30: gracefully shutting down
2024/02/16 08:24:38 [notice] 30#30: exiting
2024/02/16 08:24:38 [notice] 29#29: gracefully shutting down
2024/02/16 08:24:38 [notice] 31#31: gracefully shutting down
2024/02/16 08:24:38 [notice] 28#28: exit
2024/02/16 08:24:38 [notice] 30#30: exit
2024/02/16 08:24:38 [notice] 29#29: exiting
2024/02/16 08:24:38 [notice] 31#31: exiting
2024/02/16 08:24:38 [notice] 31#31: exit
2024/02/16 08:24:38 [notice] 29#29: exit
2024/02/16 08:24:38 [notice] 1#1: signal 17 (SIGCHLD) received from 28
2024/02/16 08:24:38 [notice] 1#1: worker process 28 exited with code 0
2024/02/16 08:24:38 [notice] 1#1: worker process 29 exited with code 0
2024/02/16 08:24:38 [notice] 1#1: signal 29 (SIGIO) received
2024/02/16 08:24:38 [notice] 1#1: signal 17 (SIGCHLD) received from 31
2024/02/16 08:24:38 [notice] 1#1: worker process 30 exited with code 0
2024/02/16 08:24:38 [notice] 1#1: worker process 31 exited with code 0
2024/02/16 08:24:38 [notice] 1#1: exit
2024/02/16 08:25:31 [notice] 1#1: using the "epoll" event method
2024/02/16 08:25:31 [notice] 1#1: nginx/1.25.3
2024/02/16 08:25:31 [notice] 1#1: built by gcc 12.2.0 (Debian 12.2.0-14) 
2024/02/16 08:25:31 [notice] 1#1: OS: Linux 5.15.133.1-microsoft-standard-WSL2
2024/02/16 08:25:31 [notice] 1#1: getrlimit(RLIMIT_NOFILE): 1048576:1048576
2024/02/16 08:25:31 [notice] 1#1: start worker processes
2024/02/16 08:25:31 [notice] 1#1: start worker process 28
2024/02/16 08:25:31 [notice] 1#1: start worker process 29
2024/02/16 08:25:31 [notice] 1#1: start worker process 30
2024/02/16 08:25:31 [notice] 1#1: start worker process 31
2024/02/16 08:36:55 [notice] 1#1: signal 3 (SIGQUIT) received, shutting down
2024/02/16 08:36:55 [notice] 30#30: gracefully shutting down
2024/02/16 08:36:55 [notice] 28#28: gracefully shutting down
2024/02/16 08:36:55 [notice] 29#29: gracefully shutting down
2024/02/16 08:36:55 [notice] 31#31: gracefully shutting down
2024/02/16 08:36:55 [notice] 30#30: exiting
2024/02/16 08:36:55 [notice] 29#29: exiting
2024/02/16 08:36:55 [notice] 28#28: exiting
2024/02/16 08:36:55 [notice] 31#31: exiting
2024/02/16 08:36:55 [notice] 29#29: exit
2024/02/16 08:36:55 [notice] 28#28: exit
2024/02/16 08:36:55 [notice] 30#30: exit
2024/02/16 08:36:55 [notice] 31#31: exit
2024/02/16 08:36:55 [notice] 1#1: signal 17 (SIGCHLD) received from 28
2024/02/16 08:36:55 [notice] 1#1: worker process 28 exited with code 0
2024/02/16 08:36:55 [notice] 1#1: worker process 31 exited with code 0
2024/02/16 08:36:55 [notice] 1#1: signal 29 (SIGIO) received
2024/02/16 08:36:55 [notice] 1#1: signal 17 (SIGCHLD) received from 31
2024/02/16 08:36:55 [notice] 1#1: signal 17 (SIGCHLD) received from 30
2024/02/16 08:36:55 [notice] 1#1: worker process 30 exited with code 0
2024/02/16 08:36:55 [notice] 1#1: signal 29 (SIGIO) received
2024/02/16 08:36:55 [notice] 1#1: signal 17 (SIGCHLD) received from 29
2024/02/16 08:36:55 [notice] 1#1: worker process 29 exited with code 0
2024/02/16 08:36:55 [notice] 1#1: exit
2024/02/16 08:37:28 [notice] 1#1: using the "epoll" event method
2024/02/16 08:37:28 [notice] 1#1: nginx/1.25.3
2024/02/16 08:37:28 [notice] 1#1: built by gcc 12.2.0 (Debian 12.2.0-14) 
2024/02/16 08:37:28 [notice] 1#1: OS: Linux 5.15.133.1-microsoft-standard-WSL2
2024/02/16 08:37:28 [notice] 1#1: getrlimit(RLIMIT_NOFILE): 1048576:1048576
2024/02/16 08:37:28 [notice] 1#1: start worker processes
2024/02/16 08:37:28 [notice] 1#1: start worker process 28
2024/02/16 08:37:28 [notice] 1#1: start worker process 29
2024/02/16 08:37:28 [notice] 1#1: start worker process 30
2024/02/16 08:37:28 [notice] 1#1: start worker process 31
2024/02/16 14:41:07 [notice] 1#1: signal 3 (SIGQUIT) received, shutting down
2024/02/16 14:41:07 [notice] 29#29: gracefully shutting down
2024/02/16 14:41:07 [notice] 30#30: gracefully shutting down
2024/02/16 14:41:07 [notice] 28#28: gracefully shutting down
2024/02/16 14:41:07 [notice] 31#31: gracefully shutting down
2024/02/16 14:41:07 [notice] 30#30: exiting
2024/02/16 14:41:07 [notice] 31#31: exiting
2024/02/16 14:41:07 [notice] 29#29: exiting
2024/02/16 14:41:07 [notice] 28#28: exiting
2024/02/16 14:41:07 [notice] 31#31: exit
2024/02/16 14:41:07 [notice] 29#29: exit
2024/02/16 14:41:07 [notice] 30#30: exit
2024/02/16 14:41:07 [notice] 28#28: exit
2024/02/16 14:41:07 [notice] 1#1: signal 17 (SIGCHLD) received from 31
2024/02/16 14:41:07 [notice] 1#1: worker process 31 exited with code 0
2024/02/16 14:41:07 [notice] 1#1: signal 29 (SIGIO) received
2024/02/16 14:41:07 [notice] 1#1: signal 17 (SIGCHLD) received from 29
2024/02/16 14:41:07 [notice] 1#1: worker process 29 exited with code 0
2024/02/16 14:41:07 [notice] 1#1: signal 29 (SIGIO) received
2024/02/16 14:41:07 [notice] 1#1: signal 17 (SIGCHLD) received from 30
2024/02/16 14:41:07 [notice] 1#1: worker process 30 exited with code 0
2024/02/16 14:41:07 [notice] 1#1: signal 29 (SIGIO) received
2024/02/16 14:41:07 [notice] 1#1: signal 17 (SIGCHLD) received from 28
2024/02/16 14:41:07 [notice] 1#1: worker process 28 exited with code 0
2024/02/16 14:41:07 [notice] 1#1: exit
2024/02/16 14:41:51 [notice] 1#1: using the "epoll" event method
2024/02/16 14:41:51 [notice] 1#1: nginx/1.25.3
2024/02/16 14:41:51 [notice] 1#1: built by gcc 12.2.0 (Debian 12.2.0-14) 
2024/02/16 14:41:51 [notice] 1#1: OS: Linux 5.15.133.1-microsoft-standard-WSL2
2024/02/16 14:41:51 [notice] 1#1: getrlimit(RLIMIT_NOFILE): 1048576:1048576
2024/02/16 14:41:51 [notice] 1#1: start worker processes
2024/02/16 14:41:51 [notice] 1#1: start worker process 28
2024/02/16 14:41:51 [notice] 1#1: start worker process 29
2024/02/16 14:41:51 [notice] 1#1: start worker process 30
2024/02/16 14:41:51 [notice] 1#1: start worker process 31
2024/02/16 15:03:10 [notice] 1#1: signal 3 (SIGQUIT) received, shutting down
2024/02/16 15:03:10 [notice] 29#29: gracefully shutting down
2024/02/16 15:03:10 [notice] 30#30: gracefully shutting down
2024/02/16 15:03:10 [notice] 28#28: gracefully shutting down
2024/02/16 15:03:10 [notice] 31#31: gracefully shutting down
2024/02/16 15:03:10 [notice] 29#29: exiting
2024/02/16 15:03:10 [notice] 30#30: exiting
2024/02/16 15:03:10 [notice] 31#31: exiting
2024/02/16 15:03:10 [notice] 28#28: exiting
2024/02/16 15:03:10 [notice] 28#28: exit
2024/02/16 15:03:10 [notice] 29#29: exit
2024/02/16 15:03:10 [notice] 31#31: exit
2024/02/16 15:03:10 [notice] 30#30: exit
2024/02/16 15:03:10 [notice] 1#1: signal 17 (SIGCHLD) received from 29
2024/02/16 15:03:10 [notice] 1#1: worker process 28 exited with code 0
2024/02/16 15:03:10 [notice] 1#1: worker process 29 exited with code 0
2024/02/16 15:03:10 [notice] 1#1: worker process 31 exited with code 0
2024/02/16 15:03:10 [notice] 1#1: signal 29 (SIGIO) received
2024/02/16 15:03:10 [notice] 1#1: signal 17 (SIGCHLD) received from 30
2024/02/16 15:03:10 [notice] 1#1: worker process 30 exited with code 0
2024/02/16 15:03:10 [notice] 1#1: exit
2024/02/16 15:03:42 [notice] 1#1: using the "epoll" event method
2024/02/16 15:03:42 [notice] 1#1: nginx/1.25.3
2024/02/16 15:03:42 [notice] 1#1: built by gcc 12.2.0 (Debian 12.2.0-14) 
2024/02/16 15:03:42 [notice] 1#1: OS: Linux 5.15.133.1-microsoft-standard-WSL2
2024/02/16 15:03:42 [notice] 1#1: getrlimit(RLIMIT_NOFILE): 1048576:1048576
2024/02/16 15:03:42 [notice] 1#1: start worker processes
2024/02/16 15:03:42 [notice] 1#1: start worker process 28
2024/02/16 15:03:42 [notice] 1#1: start worker process 29
2024/02/16 15:03:42 [notice] 1#1: start worker process 30
2024/02/16 15:03:42 [notice] 1#1: start worker process 31
2024/02/16 15:44:22 [notice] 1#1: signal 3 (SIGQUIT) received, shutting down
2024/02/16 15:44:22 [notice] 31#31: gracefully shutting down
2024/02/16 15:44:22 [notice] 30#30: gracefully shutting down
2024/02/16 15:44:22 [notice] 28#28: gracefully shutting down
2024/02/16 15:44:22 [notice] 29#29: gracefully shutting down
2024/02/16 15:44:22 [notice] 31#31: exiting
2024/02/16 15:44:22 [notice] 29#29: exiting
2024/02/16 15:44:22 [notice] 30#30: exiting
2024/02/16 15:44:22 [notice] 28#28: exiting
2024/02/16 15:44:22 [notice] 31#31: exit
2024/02/16 15:44:22 [notice] 29#29: exit
2024/02/16 15:44:22 [notice] 30#30: exit
2024/02/16 15:44:22 [notice] 28#28: exit
2024/02/16 15:44:22 [notice] 1#1: signal 17 (SIGCHLD) received from 31
2024/02/16 15:44:22 [notice] 1#1: worker process 31 exited with code 0
2024/02/16 15:44:22 [notice] 1#1: signal 29 (SIGIO) received
2024/02/16 15:44:22 [notice] 1#1: signal 17 (SIGCHLD) received from 28
2024/02/16 15:44:22 [notice] 1#1: worker process 28 exited with code 0
2024/02/16 15:44:22 [notice] 1#1: worker process 29 exited with code 0
2024/02/16 15:44:22 [notice] 1#1: signal 29 (SIGIO) received
2024/02/16 15:44:22 [notice] 1#1: signal 17 (SIGCHLD) received from 29
2024/02/16 15:44:23 [notice] 1#1: signal 17 (SIGCHLD) received from 30
2024/02/16 15:44:23 [notice] 1#1: worker process 30 exited with code 0
2024/02/16 15:44:23 [notice] 1#1: exit
2024/02/16 15:45:15 [notice] 1#1: using the "epoll" event method
2024/02/16 15:45:15 [notice] 1#1: nginx/1.25.3
2024/02/16 15:45:15 [notice] 1#1: built by gcc 12.2.0 (Debian 12.2.0-14) 
2024/02/16 15:45:15 [notice] 1#1: OS: Linux 5.15.133.1-microsoft-standard-WSL2
2024/02/16 15:45:15 [notice] 1#1: getrlimit(RLIMIT_NOFILE): 1048576:1048576
2024/02/16 15:45:15 [notice] 1#1: start worker processes
2024/02/16 15:45:15 [notice] 1#1: start worker process 28
2024/02/16 15:45:15 [notice] 1#1: start worker process 29
2024/02/16 15:45:15 [notice] 1#1: start worker process 30
2024/02/16 15:45:15 [notice] 1#1: start worker process 31
2024/02/16 15:47:02 [notice] 1#1: signal 3 (SIGQUIT) received, shutting down
2024/02/16 15:47:02 [notice] 29#29: gracefully shutting down
2024/02/16 15:47:02 [notice] 28#28: gracefully shutting down
2024/02/16 15:47:02 [notice] 31#31: gracefully shutting down
2024/02/16 15:47:02 [notice] 30#30: gracefully shutting down
2024/02/16 15:47:02 [notice] 29#29: exiting
2024/02/16 15:47:02 [notice] 28#28: exiting
2024/02/16 15:47:02 [notice] 31#31: exiting
2024/02/16 15:47:02 [notice] 30#30: exiting
2024/02/16 15:47:02 [notice] 31#31: exit
2024/02/16 15:47:02 [notice] 30#30: exit
2024/02/16 15:47:02 [notice] 29#29: exit
2024/02/16 15:47:02 [notice] 28#28: exit
2024/02/16 15:47:03 [notice] 1#1: signal 17 (SIGCHLD) received from 28
2024/02/16 15:47:03 [notice] 1#1: worker process 28 exited with code 0
2024/02/16 15:47:03 [notice] 1#1: worker process 30 exited with code 0
2024/02/16 15:47:03 [notice] 1#1: worker process 31 exited with code 0
2024/02/16 15:47:03 [notice] 1#1: signal 29 (SIGIO) received
2024/02/16 15:47:03 [notice] 1#1: signal 17 (SIGCHLD) received from 29
2024/02/16 15:47:03 [notice] 1#1: worker process 29 exited with code 0
2024/02/16 15:47:03 [notice] 1#1: exit
2024/02/16 15:47:47 [notice] 1#1: using the "epoll" event method
2024/02/16 15:47:47 [notice] 1#1: nginx/1.25.3
2024/02/16 15:47:47 [notice] 1#1: built by gcc 12.2.0 (Debian 12.2.0-14) 
2024/02/16 15:47:47 [notice] 1#1: OS: Linux 5.15.133.1-microsoft-standard-WSL2
2024/02/16 15:47:47 [notice] 1#1: getrlimit(RLIMIT_NOFILE): 1048576:1048576
2024/02/16 15:47:47 [notice] 1#1: start worker processes
2024/02/16 15:47:47 [notice] 1#1: start worker process 27
2024/02/16 15:47:47 [notice] 1#1: start worker process 28
2024/02/16 15:47:47 [notice] 1#1: start worker process 29
2024/02/16 15:47:47 [notice] 1#1: start worker process 30
